{"level":"info","message":"Sun Jan 20 2019 20:19:03 GMT+0300 (GMT+03:00): GET URL = /news/"}
{"level":"info","message":"Sun Jan 20 2019 20:20:38 GMT+0300 (GMT+03:00): DELETE URL = /news/abc-news"}
{"level":"info","message":"Sun Jan 20 2019 20:21:38 GMT+0300 (GMT+03:00): DELETE URL = /news/abc-news"}
{"level":"info","message":"Sun Jan 20 2019 20:21:47 GMT+0300 (GMT+03:00): GET URL = /news/"}
{"level":"info","message":"Sun Jan 20 2019 20:22:25 GMT+0300 (GMT+03:00): GET URL = /news/"}
{"level":"info","message":"Sun Jan 20 2019 20:22:35 GMT+0300 (GMT+03:00): POST URL = /news"}
{"level":"info","message":"Sun Jan 20 2019 20:22:37 GMT+0300 (GMT+03:00): GET URL = /news/"}
{"level":"info","message":"Sun Jan 20 2019 20:22:50 GMT+0300 (GMT+03:00): PUT URL = /news/abc-news"}
{"level":"info","message":"Sun Jan 20 2019 20:22:52 GMT+0300 (GMT+03:00): GET URL = /news/"}
{"level":"info","message":"Sun Jan 20 2019 20:24:33 GMT+0300 (GMT+03:00): DELETE URL = /news/my"}
{"level":"info","message":"Sun Jan 20 2019 20:24:42 GMT+0300 (GMT+03:00): GET URL = /news/"}
{"level":"info","message":"Sun Jan 20 2019 20:24:51 GMT+0300 (GMT+03:00): DELETE URL = /news/my"}
{"level":"info","message":"Sun Jan 20 2019 20:25:00 GMT+0300 (GMT+03:00): GET URL = /news/"}
{"level":"info","message":"Sun Jan 20 2019 20:26:55 GMT+0300 (GMT+03:00): GET URL = /"}
{"level":"info","message":"Sun Jan 20 2019 20:27:07 GMT+0300 (GMT+03:00): GET URL = /news"}
{"level":"info","message":"Sun Jan 20 2019 20:27:14 GMT+0300 (GMT+03:00): GET URL = /new"}
{"level":"info","message":"Sun Jan 20 2019 20:27:18 GMT+0300 (GMT+03:00): GET URL = /news"}
{"level":"info","message":"Sun Jan 20 2019 20:32:07 GMT+0300 (GMT+03:00): GET URL = /news"}
{"level":"info","message":"Sun Jan 20 2019 20:32:10 GMT+0300 (GMT+03:00): GET URL = /"}
{"level":"info","message":"Sun Jan 20 2019 20:32:44 GMT+0300 (GMT+03:00): GET URL = /news"}
{"level":"info","message":"Sun Jan 20 2019 20:32:49 GMT+0300 (GMT+03:00): GET URL = /news5"}
{"level":"info","message":"Sun Jan 20 2019 20:32:52 GMT+0300 (GMT+03:00): GET URL = /"}
{"level":"info","message":"Sun Jan 20 2019 20:35:36 GMT+0300 (GMT+03:00): GET URL = /news"}
{"level":"info","message":"Sun Jan 20 2019 20:35:50 GMT+0300 (GMT+03:00): POST URL = /news"}
{"level":"info","message":"Sun Jan 20 2019 20:35:52 GMT+0300 (GMT+03:00): PUT URL = /news/abc-news"}
{"level":"info","message":"Sun Jan 20 2019 20:35:54 GMT+0300 (GMT+03:00): DELETE URL = /news/my"}
{"level":"info","message":"Sun Jan 20 2019 20:35:55 GMT+0300 (GMT+03:00): DELETE URL = /news/my"}
{"level":"info","message":"Sun Jan 20 2019 20:36:00 GMT+0300 (GMT+03:00): GET URL = /news"}
{"level":"info","message":"Sun Jan 20 2019 21:09:34 GMT+0300 (GMT+03:00): GET URL = /"}
{"level":"info","message":"Sun Jan 20 2019 21:09:41 GMT+0300 (GMT+03:00): GET URL = /news"}
{"level":"info","message":"Sun Jan 20 2019 21:09:47 GMT+0300 (GMT+03:00): GET URL = /news/my"}
{"level":"info","message":"Sun Jan 20 2019 21:09:55 GMT+0300 (GMT+03:00): GET URL = /news/abc-news"}
{"level":"info","message":"Sun Jan 20 2019 21:10:03 GMT+0300 (GMT+03:00): POST URL = /news"}
{"level":"info","message":"Sun Jan 20 2019 21:10:05 GMT+0300 (GMT+03:00): GET URL = /news/abc-news"}
{"level":"info","message":"Sun Jan 20 2019 21:10:11 GMT+0300 (GMT+03:00): GET URL = /news/"}
{"level":"info","message":"Sun Jan 20 2019 21:10:16 GMT+0300 (GMT+03:00): PUT URL = /news/abc-news"}
{"level":"info","message":"Sun Jan 20 2019 21:10:19 GMT+0300 (GMT+03:00): GET URL = /news/"}
{"level":"info","message":"Sun Jan 20 2019 21:10:24 GMT+0300 (GMT+03:00): DELETE URL = /news/my"}
{"level":"info","message":"Sun Jan 20 2019 21:10:26 GMT+0300 (GMT+03:00): GET URL = /news/"}
{"level":"info","message":"Sun Jan 20 2019 21:10:29 GMT+0300 (GMT+03:00): DELETE URL = /news/my"}
{"level":"info","message":"Sun Jan 20 2019 21:10:31 GMT+0300 (GMT+03:00): GET URL = /news/"}
{"level":"info","message":"Sat Jan 26 2019 17:08:26 GMT+0300 (GMT+03:00): GET URL = /news"}
{"level":"info","message":"Sat Jan 26 2019 17:12:30 GMT+0300 (GMT+03:00): GET URL = /news"}
{"level":"info","message":"Sat Jan 26 2019 17:16:48 GMT+0300 (GMT+03:00): GET URL = /news/5c4c5b25eb3cae078cd823b3"}
{"level":"info","message":"Sat Jan 26 2019 17:17:06 GMT+0300 (GMT+03:00): GET URL = /news/1"}
{"level":"info","message":"Sat Jan 26 2019 17:17:52 GMT+0300 (GMT+03:00): GET URL = /news/1"}
{"level":"info","message":"Sat Jan 26 2019 17:19:42 GMT+0300 (GMT+03:00): GET URL = /news/5c4c67b295709b0b3087f903"}
{"level":"info","message":"Sat Jan 26 2019 17:20:23 GMT+0300 (GMT+03:00): GET URL = /news/5c4c67b295709b0b3087f903"}
{"level":"info","message":"Sat Jan 26 2019 17:21:37 GMT+0300 (GMT+03:00): GET URL = /news/5c4c67b295709b0b3087f903"}
{"level":"info","message":"Sat Jan 26 2019 17:22:48 GMT+0300 (GMT+03:00): GET URL = /news/5c4c67b295709b0b3087f903"}
{"level":"info","message":"Sat Jan 26 2019 17:41:28 GMT+0300 (GMT+03:00): GET URL = /news/5c4c67b295709b0b3087f903"}
{"level":"info","message":"Sat Jan 26 2019 17:42:31 GMT+0300 (GMT+03:00): GET URL = /news/"}
{"level":"info","message":"Sat Jan 26 2019 17:44:21 GMT+0300 (GMT+03:00): GET URL = /news/%205c4c66f8455bf51164d7770b"}
{"level":"info","message":"Sat Jan 26 2019 17:45:18 GMT+0300 (GMT+03:00): GET URL = /news/5c4c66f8455bf51164d7770b"}
{"level":"info","message":"Sat Jan 26 2019 17:53:58 GMT+0300 (GMT+03:00): POST URL = /news"}
{"level":"info","message":"Sat Jan 26 2019 17:54:13 GMT+0300 (GMT+03:00): GET URL = /news/"}
{"level":"info","message":"Sat Jan 26 2019 18:02:04 GMT+0300 (GMT+03:00): DELETE URL = /news/5c4c5b25eb3cae078cd823b3"}
{"level":"info","message":"Sat Jan 26 2019 18:02:25 GMT+0300 (GMT+03:00): DELETE URL = /news/5c4c5b8041fa191f54a24166"}
{"level":"info","message":"Sat Jan 26 2019 18:02:44 GMT+0300 (GMT+03:00): DELETE URL = /news/5c4c64c8ef0b9b1cd4c5d194"}
{"level":"info","message":"Sat Jan 26 2019 18:02:52 GMT+0300 (GMT+03:00): GET URL = /news/"}
{"level":"info","message":"Sat Jan 26 2019 18:03:13 GMT+0300 (GMT+03:00): DELETE URL = /news/5c4c65f13996141fa4417285"}
{"level":"info","message":"Sat Jan 26 2019 18:03:26 GMT+0300 (GMT+03:00): DELETE URL = /news/5c4c662571011d1c9469fc29"}
{"level":"info","message":"Sat Jan 26 2019 18:03:38 GMT+0300 (GMT+03:00): DELETE URL = /news/5c4c66f8455bf51164d7770b"}
{"level":"info","message":"Sat Jan 26 2019 18:03:42 GMT+0300 (GMT+03:00): GET URL = /news/"}
{"level":"info","message":"Sat Jan 26 2019 18:29:48 GMT+0300 (GMT+03:00): POST URL = /news"}
{"level":"info","message":"Sat Jan 26 2019 18:33:33 GMT+0300 (GMT+03:00): GET URL = /news/"}
{"level":"info","message":"Sat Jan 26 2019 18:34:14 GMT+0300 (GMT+03:00): PUT URL = /news/5c4c7cec9ddf581c7870f815"}
{"level":"info","message":"Sat Jan 26 2019 18:34:30 GMT+0300 (GMT+03:00): GET URL = /news/"}
{"level":"info","message":"Sat Jan 26 2019 18:34:57 GMT+0300 (GMT+03:00): PUT URL = /news/5c4c7cec9ddf581c7870f815"}
{"level":"info","message":"Sat Jan 26 2019 18:35:02 GMT+0300 (GMT+03:00): GET URL = /news/"}
{"level":"info","message":"Sat Jan 26 2019 18:35:53 GMT+0300 (GMT+03:00): GET URL = /news/"}
{"level":"info","message":"Sat Jan 26 2019 18:36:49 GMT+0300 (GMT+03:00): PUT URL = /news/5c4c7cec9ddf581c7870f815"}
{"level":"info","message":"Sat Jan 26 2019 18:36:53 GMT+0300 (GMT+03:00): GET URL = /news/"}
{"level":"info","message":"Sat Jan 26 2019 18:37:02 GMT+0300 (GMT+03:00): PUT URL = /news/5c4c7cec9ddf581c7870f815"}
{"level":"info","message":"Sat Jan 26 2019 18:37:12 GMT+0300 (GMT+03:00): PUT URL = /news/5c4c7cec9ddf581c7870f815"}
{"level":"info","message":"Sat Jan 26 2019 18:37:25 GMT+0300 (GMT+03:00): GET URL = /news/"}
{"level":"info","message":"Sat Jan 26 2019 18:38:02 GMT+0300 (GMT+03:00): PUT URL = /news/5c4c7cec9ddf581c7870f815"}
{"level":"info","message":"Sat Jan 26 2019 18:38:13 GMT+0300 (GMT+03:00): GET URL = /news/"}
{"level":"info","message":"Sat Jan 26 2019 18:38:46 GMT+0300 (GMT+03:00): PUT URL = /news/5c4c7cec9ddf581c7870f815"}
{"level":"info","message":"Sat Jan 26 2019 18:38:49 GMT+0300 (GMT+03:00): PUT URL = /news/5c4c7cec9ddf581c7870f815"}
{"level":"info","message":"Sat Jan 26 2019 18:38:49 GMT+0300 (GMT+03:00): PUT URL = /news/5c4c7cec9ddf581c7870f815"}
{"level":"info","message":"Sat Jan 26 2019 18:38:50 GMT+0300 (GMT+03:00): PUT URL = /news/5c4c7cec9ddf581c7870f815"}
{"level":"info","message":"Sat Jan 26 2019 18:38:50 GMT+0300 (GMT+03:00): PUT URL = /news/5c4c7cec9ddf581c7870f815"}
{"level":"info","message":"Sat Jan 26 2019 18:38:50 GMT+0300 (GMT+03:00): PUT URL = /news/5c4c7cec9ddf581c7870f815"}
{"level":"info","message":"Sat Jan 26 2019 18:38:53 GMT+0300 (GMT+03:00): PUT URL = /news/5c4c7cec9ddf581c7870f815"}
{"level":"info","message":"Sat Jan 26 2019 18:39:16 GMT+0300 (GMT+03:00): PUT URL = /news/5c4c7cec9ddf581c7870f815"}
{"level":"info","message":"Sat Jan 26 2019 18:46:58 GMT+0300 (GMT+03:00): PUT URL = /news/5c4c7cec9ddf581c7870f815"}
{"level":"info","message":"Sat Jan 26 2019 18:47:09 GMT+0300 (GMT+03:00): GET URL = /news/"}
{"level":"info","message":"Sat Jan 26 2019 18:47:13 GMT+0300 (GMT+03:00): PUT URL = /news/5c4c7cec9ddf581c7870f815"}
{"level":"info","message":"Sat Jan 26 2019 18:47:34 GMT+0300 (GMT+03:00): PUT URL = /news/5c4c7cec9ddf581c7870f815"}
{"level":"info","message":"Sun Jan 27 2019 14:55:54 GMT+0300 (GMT+03:00): GET URL = /news/"}
{"level":"info","message":"Sun Jan 27 2019 14:56:32 GMT+0300 (GMT+03:00): PUT URL = /news/5c4c67b295709b0b3087f903"}
{"level":"info","message":"Sun Jan 27 2019 14:57:00 GMT+0300 (GMT+03:00): PUT URL = /news/5c4c67b295709b0b3087f903"}
{"level":"info","message":"Sun Jan 27 2019 14:57:48 GMT+0300 (GMT+03:00): PUT URL = /news/5c4c67b295709b0b3087f903"}
{"level":"info","message":"Sun Jan 27 2019 14:58:37 GMT+0300 (GMT+03:00): GET URL = /news/"}
{"level":"info","message":"Sun Jan 27 2019 14:59:09 GMT+0300 (GMT+03:00): PUT URL = /news/5c4c67b295709b0b3087f903"}
{"level":"info","message":"Sun Jan 27 2019 14:59:21 GMT+0300 (GMT+03:00): GET URL = /news/"}
{"level":"info","message":"Sun Jan 27 2019 15:04:46 GMT+0300 (GMT+03:00): PUT URL = /news/5c4c67b295709b0b3087f903"}
{"level":"info","message":"Sun Jan 27 2019 15:08:35 GMT+0300 (GMT+03:00): PUT URL = /news/5c4c67b295709b0b3087f903"}
{"level":"info","message":"Sun Jan 27 2019 15:08:40 GMT+0300 (GMT+03:00): PUT URL = /news/5c4c67b295709b0b3087f903"}
{"level":"info","message":"Sun Jan 27 2019 15:08:45 GMT+0300 (GMT+03:00): PUT URL = /news/5c4c67b295709b0b3087f903"}
{"level":"info","message":"Sun Jan 27 2019 15:09:15 GMT+0300 (GMT+03:00): PUT URL = /news/5c4c67b295709b0b3087f903"}
{"level":"info","message":"Sun Jan 27 2019 15:10:17 GMT+0300 (GMT+03:00): PUT URL = /news/5c4c67b295709b0b3087f903"}
{"level":"info","message":"Sun Jan 27 2019 15:10:46 GMT+0300 (GMT+03:00): PUT URL = /news/5c4c67b295709b0b3087f903"}
{"level":"info","message":"Sun Jan 27 2019 15:13:21 GMT+0300 (GMT+03:00): PUT URL = /news/5c4c67b295709b0b3087f903"}
{"level":"info","message":"Sun Jan 27 2019 15:13:32 GMT+0300 (GMT+03:00): PUT URL = /news/5c4c67b295709b0b3087f903"}
{"level":"info","message":"Sun Jan 27 2019 15:24:13 GMT+0300 (GMT+03:00): PUT URL = /news/5c4c67b295709b0b3087f903"}
{"level":"info","message":"Sun Jan 27 2019 15:28:47 GMT+0300 (GMT+03:00): GET URL = /news/"}
{"level":"info","message":"Sun Jan 27 2019 15:29:24 GMT+0300 (GMT+03:00): PUT URL = /news/5c4c67b295709b0b3087f903"}
{"level":"info","message":"Sun Jan 27 2019 15:48:56 GMT+0300 (GMT+03:00): PUT URL = /news/5c4c67b295709b0b3087f903"}
{"level":"info","message":"Sun Jan 27 2019 15:49:06 GMT+0300 (GMT+03:00): GET URL = /news/"}
{"level":"info","message":"Sun Jan 27 2019 15:50:24 GMT+0300 (GMT+03:00): PUT URL = /news/5c4c67b295709b0b3087f903"}
{"level":"info","message":"Sun Jan 27 2019 15:53:10 GMT+0300 (GMT+03:00): GET URL = /news/"}
{"level":"info","message":"Sun Jan 27 2019 15:53:37 GMT+0300 (GMT+03:00): PUT URL = /news/5c4c67b295709b0b3087f903"}
{"level":"info","message":"Sun Jan 27 2019 15:53:41 GMT+0300 (GMT+03:00): GET URL = /news/"}
{"level":"info","message":"Sun Jan 27 2019 15:54:12 GMT+0300 (GMT+03:00): PUT URL = /news/5c4c67b295709b0b3087f903"}
{"level":"info","message":"Sun Jan 27 2019 15:54:18 GMT+0300 (GMT+03:00): GET URL = /news/"}
{"level":"info","message":"Sun Jan 27 2019 15:54:48 GMT+0300 (GMT+03:00): PUT URL = /news/5c4c67b295709b0b3087f903"}
{"level":"info","message":"Sun Jan 27 2019 15:54:52 GMT+0300 (GMT+03:00): GET URL = /news/"}
{"level":"info","message":"Sun Jan 27 2019 16:20:33 GMT+0300 (GMT+03:00): DELETE URL = /news/5c4c66f8455bf51164d7770b"}
{"level":"info","message":"Sun Jan 27 2019 16:22:57 GMT+0300 (GMT+03:00): DELETE URL = /news/5c4c66f8455bf51164d7770b"}
{"level":"info","message":"Sun Jan 27 2019 18:00:35 GMT+0300 (GMT+03:00): GET URL = /news/"}
{"level":"info","message":"Sun Jan 27 2019 18:07:15 GMT+0300 (GMT+03:00): GET URL = /auth/facebook"}
{"level":"info","message":"Sun Jan 27 2019 18:33:57 GMT+0300 (GMT+03:00): GET URL = /news/"}
{"level":"info","message":"Sun Jan 27 2019 18:50:06 GMT+0300 (GMT+03:00): GET URL = /"}
{"level":"info","message":"Sun Jan 27 2019 18:50:20 GMT+0300 (GMT+03:00): GET URL = /favicon.ico"}
{"level":"info","message":"Sun Jan 27 2019 18:53:28 GMT+0300 (GMT+03:00): GET URL = /"}
{"level":"info","message":"Sun Jan 27 2019 18:57:02 GMT+0300 (GMT+03:00): GET URL = /"}
{"level":"info","message":"Sun Jan 27 2019 19:45:58 GMT+0300 (GMT+03:00): GET URL = /news/"}
{"level":"info","message":"Sun Jan 27 2019 19:46:18 GMT+0300 (GMT+03:00): DELETE URL = /news/5c4c66f8455bf51164d7770b"}
{"level":"info","message":"Sun Jan 27 2019 20:10:44 GMT+0300 (GMT+03:00): GET URL = /news"}
{"level":"info","message":"Sun Jan 27 2019 20:10:49 GMT+0300 (GMT+03:00): GET URL = /news"}
{"level":"info","message":"Sun Jan 27 2019 20:11:48 GMT+0300 (GMT+03:00): DELETE URL = /news/5c4c66f8455bf51164d7770b"}
{"level":"info","message":"Sun Jan 27 2019 20:11:58 GMT+0300 (GMT+03:00): DELETE URL = /news/5c4c66f8455bf51164d7770b"}
{"level":"info","message":"Sun Jan 27 2019 20:18:26 GMT+0300 (GMT+03:00): GET URL = /news/"}
{"level":"info","message":"Sun Jan 27 2019 20:18:42 GMT+0300 (GMT+03:00): GET URL = /news"}
{"level":"info","message":"Sun Jan 27 2019 20:20:50 GMT+0300 (GMT+03:00): GET URL = /news"}
{"level":"info","message":"Sun Jan 27 2019 20:21:55 GMT+0300 (GMT+03:00): DELETE URL = /news/5c4c66f8455bf51164d7770b"}
{"level":"info","message":"Sun Jan 27 2019 20:22:25 GMT+0300 (GMT+03:00): DELETE URL = /news/5c4c66f8455bf51164d7770b"}
{"level":"info","message":"Sun Jan 27 2019 20:22:36 GMT+0300 (GMT+03:00): GET URL = /news"}
{"level":"info","message":"Sun Jan 27 2019 20:22:53 GMT+0300 (GMT+03:00): DELETE URL = /news/5c4c66f8455bf51164d7770b"}
{"level":"info","message":"Sun Jan 27 2019 21:38:36 GMT+0300 (GMT+03:00): GET URL = /news"}
{"level":"info","message":"Sun Jan 27 2019 21:39:42 GMT+0300 (GMT+03:00): POST URL = /news"}
{"level":"info","message":"Sun Jan 27 2019 21:39:43 GMT+0300 (GMT+03:00): DELETE URL = /news/5c4c66f8455bf51164d7770b"}
{"level":"info","message":"Sun Jan 27 2019 21:39:46 GMT+0300 (GMT+03:00): DELETE URL = /news/5c4c66f8455bf51164d7770b"}
{"level":"info","message":"Sun Jan 27 2019 21:39:48 GMT+0300 (GMT+03:00): DELETE URL = /news/5c4c66f8455bf51164d7770b"}
{"level":"info","message":"Sun Jan 27 2019 21:52:46 GMT+0300 (GMT+03:00): GET URL = /news"}
{"level":"info","message":"Sun Jan 27 2019 21:52:59 GMT+0300 (GMT+03:00): DELETE URL = /news/5c4c66f8455bf51164d7770b"}
{"level":"info","message":"Sun Jan 27 2019 21:52:59 GMT+0300 (GMT+03:00): DELETE URL = /news/5c4c66f8455bf51164d7770b"}
{"level":"info","message":"Sun Jan 27 2019 21:52:59 GMT+0300 (GMT+03:00): DELETE URL = /news/5c4c66f8455bf51164d7770b"}
{"level":"info","message":"Sun Jan 27 2019 21:53:13 GMT+0300 (GMT+03:00): DELETE URL = /news/5c4c66f8455bf51164d7770b"}
{"level":"info","message":"Sun Jan 27 2019 21:54:47 GMT+0300 (GMT+03:00): DELETE URL = /news/5c4c66f8455bf51164d7770b"}
{"level":"info","message":"Sun Jan 27 2019 21:57:54 GMT+0300 (GMT+03:00): DELETE URL = /news/5c4c66f8455bf51164d7770b"}
{"level":"info","message":"Sun Jan 27 2019 22:27:10 GMT+0300 (GMT+03:00): GET URL = /news"}
{"level":"info","message":"Sun Jan 27 2019 22:43:33 GMT+0300 (GMT+03:00): DELETE URL = /news/delete/5c4c66f8455bf51164d7770b"}
{"level":"info","message":"Sun Jan 27 2019 22:46:22 GMT+0300 (GMT+03:00): GET URL = /login.php?skip_api_login=1&amp;api_key=612251399234373&amp;signed_next=1&amp;next=https%3A%2F%2Fwww.facebook.com%2Fv3.2%2Fdialog%2Foauth%3Fredirect_uri%3Dhttp%253A%252F%252Flocalhost%253A3000%252Fauth%252Ffacebook%252Fcallback%26response_type%3Dcode%26client_id%3D612251399234373%26ret%3Dlogin%26logger_id%3D75a74c5b-8a12-027f-f1f7-8dbf73135934&amp;cancel_url=http%3A%2F%2Flocalhost%3A3000%2Fauth%2Ffacebook%2Fcallback%3Ferror%3Daccess_denied%26error_code%3D200%26error_description%3DPermissions%2Berror%26error_reason%3Duser_denied%23_%3D_&amp;display=page&amp;locale=ru_RU&amp;logger_id=75a74c5b-8a12-027f-f1f7-8dbf73135934&amp;_fb_noscript=1"}
{"level":"info","message":"Sun Jan 27 2019 22:53:05 GMT+0300 (GMT+03:00): GET URL = /news"}
{"level":"info","message":"Sun Jan 27 2019 23:00:28 GMT+0300 (GMT+03:00): GET URL = /news"}
{"level":"info","message":"Sun Jan 27 2019 23:03:07 GMT+0300 (GMT+03:00): GET URL = /news"}
{"level":"info","message":"Sun Jan 27 2019 23:04:57 GMT+0300 (GMT+03:00): GET URL = /news"}
{"level":"info","message":"Sun Jan 27 2019 23:06:56 GMT+0300 (GMT+03:00): GET URL = /news"}
{"level":"info","message":"Sun Jan 27 2019 23:09:15 GMT+0300 (GMT+03:00): POST URL = /news"}
{"level":"info","message":"Sun Jan 27 2019 23:09:26 GMT+0300 (GMT+03:00): GET URL = /news/"}
{"level":"info","message":"Sun Jan 27 2019 23:09:44 GMT+0300 (GMT+03:00): DELETE URL = /news/5c4c66f8455bf51164d7770b"}
{"level":"info","message":"Sun Jan 27 2019 23:10:04 GMT+0300 (GMT+03:00): GET URL = /news"}
{"level":"info","message":"Sun Jan 27 2019 23:11:10 GMT+0300 (GMT+03:00): GET URL = /news/"}
{"level":"info","message":"Sun Jan 27 2019 23:12:30 GMT+0300 (GMT+03:00): GET URL = /news"}
{"level":"info","message":"Sun Jan 27 2019 23:13:24 GMT+0300 (GMT+03:00): GET URL = /news"}
{"level":"info","message":"Sun Jan 27 2019 23:13:43 GMT+0300 (GMT+03:00): GET URL = /news"}
{"level":"info","message":"Sun Jan 27 2019 23:13:57 GMT+0300 (GMT+03:00): GET URL = /news"}
{"level":"info","message":"Sun Jan 27 2019 23:16:37 GMT+0300 (GMT+03:00): GET URL = /news"}
{"level":"info","message":"Sun Jan 27 2019 23:16:38 GMT+0300 (GMT+03:00): GET URL = /news"}
{"level":"info","message":"Sun Jan 27 2019 23:16:39 GMT+0300 (GMT+03:00): GET URL = /news"}
{"level":"info","message":"Sun Jan 27 2019 23:16:40 GMT+0300 (GMT+03:00): GET URL = /news"}
{"level":"info","message":"Sun Jan 27 2019 23:16:41 GMT+0300 (GMT+03:00): GET URL = /news"}
{"level":"info","message":"Sun Jan 27 2019 23:16:41 GMT+0300 (GMT+03:00): GET URL = /news"}
{"level":"info","message":"Sun Jan 27 2019 23:17:26 GMT+0300 (GMT+03:00): GET URL = /news"}
{"level":"info","message":"Sun Jan 27 2019 23:17:27 GMT+0300 (GMT+03:00): GET URL = /news"}
{"level":"info","message":"Sun Jan 27 2019 23:17:28 GMT+0300 (GMT+03:00): GET URL = /news"}
{"level":"info","message":"Sun Jan 27 2019 23:17:29 GMT+0300 (GMT+03:00): GET URL = /news"}
{"level":"info","message":"Sun Jan 27 2019 23:17:30 GMT+0300 (GMT+03:00): GET URL = /news"}
{"level":"info","message":"Sun Jan 27 2019 23:17:31 GMT+0300 (GMT+03:00): GET URL = /news"}
{"level":"info","message":"Sun Jan 27 2019 23:20:40 GMT+0300 (GMT+03:00): GET URL = /news/"}
{"level":"info","message":"Sun Jan 27 2019 23:21:04 GMT+0300 (GMT+03:00): GET URL = /news"}
{"level":"info","message":"Sun Jan 27 2019 23:21:05 GMT+0300 (GMT+03:00): GET URL = /news"}
{"level":"info","message":"Sun Jan 27 2019 23:21:06 GMT+0300 (GMT+03:00): GET URL = /news"}
{"level":"info","message":"Sun Jan 27 2019 23:21:08 GMT+0300 (GMT+03:00): GET URL = /news"}
{"level":"info","message":"Sun Jan 27 2019 23:21:09 GMT+0300 (GMT+03:00): GET URL = /news"}
{"level":"info","message":"Sun Jan 27 2019 23:23:17 GMT+0300 (GMT+03:00): GET URL = /news/"}
{"level":"info","message":"Sun Jan 27 2019 23:23:19 GMT+0300 (GMT+03:00): GET URL = /news"}
{"level":"info","message":"Sun Jan 27 2019 23:23:20 GMT+0300 (GMT+03:00): GET URL = /news"}
{"level":"info","message":"Sun Jan 27 2019 23:23:21 GMT+0300 (GMT+03:00): GET URL = /news"}
{"level":"info","message":"Sun Jan 27 2019 23:30:19 GMT+0300 (GMT+03:00): GET URL = /news"}
{"level":"info","message":"Sun Jan 27 2019 23:30:44 GMT+0300 (GMT+03:00): GET URL = /news"}
{"level":"info","message":"Sun Jan 27 2019 23:31:14 GMT+0300 (GMT+03:00): DELETE URL = /news/5c4c66f8455bf51164d7770b"}
{"level":"info","message":"Sun Jan 27 2019 23:31:35 GMT+0300 (GMT+03:00): DELETE URL = /news/6"}
{"level":"info","message":"Sun Jan 27 2019 23:31:54 GMT+0300 (GMT+03:00): GET URL = /news/"}
{"level":"info","message":"Sun Jan 27 2019 23:32:18 GMT+0300 (GMT+03:00): GET URL = /news"}
